# JRE version: OpenJDK Runtime Environment (8.0_152-b01) (build 1.8.0_152-release-915-b01)
# Java VM: OpenJDK 64-Bit Server VM (25.152-b01 mixed mode windows-amd64 compressed oops)
Heap:
 PSYoungGen      total 471552K, used 194044K [0x00000000e0000000, 0x00000000fff00000, 0x0000000100000000)
  eden space 419840K, 45% used [0x00000000e0000000,0x00000000ebac6128,0x00000000f9a00000)
  from space 51712K, 5% used [0x00000000f9a00000,0x00000000f9cb9108,0x00000000fcc80000)
  to   space 51712K, 0% used [0x00000000fcc80000,0x00000000fcc80000,0x00000000fff00000)
 ParOldGen       total 192512K, used 139297K [0x00000000a0000000, 0x00000000abc00000, 0x00000000e0000000)
  object space 192512K, 72% used [0x00000000a0000000,0x00000000a8808490,0x00000000abc00000)
 Metaspace       used 72280K, capacity 75244K, committed 75480K, reserved 1114112K
  class space    used 9310K, capacity 9967K, committed 9984K, reserved 1048576K
GC Heap History (10 events):
Event: 9.702 GC heap before
{Heap before GC invocations=12 (full 3):
 PSYoungGen      total 292352K, used 18829K [0x00000000e0000000, 0x00000000f9980000, 0x0000000100000000)
  eden space 270848K, 0% used [0x00000000e0000000,0x00000000e0000000,0x00000000f0880000)
  from space 21504K, 87% used [0x00000000f0880000,0x00000000f1ae3500,0x00000000f1d80000)
  to   space 23552K, 0% used [0x00000000f8280000,0x00000000f8280000,0x00000000f9980000)
 ParOldGen       total 135680K, used 27098K [0x00000000a0000000, 0x00000000a8480000, 0x00000000e0000000)
  object space 135680K, 19% used [0x00000000a0000000,0x00000000a1a76978,0x00000000a8480000)
 Metaspace       used 57105K, capacity 58930K, committed 59028K, reserved 1099776K
  class space    used 7741K, capacity 8174K, committed 8192K, reserved 1048576K
Event: 9.884 GC heap after
Heap after GC invocations=12 (full 3):
 PSYoungGen      total 292352K, used 0K [0x00000000e0000000, 0x00000000f9980000, 0x0000000100000000)
  eden space 270848K, 0% used [0x00000000e0000000,0x00000000e0000000,0x00000000f0880000)
  from space 21504K, 0% used [0x00000000f0880000,0x00000000f0880000,0x00000000f1d80000)
  to   space 23552K, 0% used [0x00000000f8280000,0x00000000f8280000,0x00000000f9980000)
 ParOldGen       total 192512K, used 34158K [0x00000000a0000000, 0x00000000abc00000, 0x00000000e0000000)
  object space 192512K, 17% used [0x00000000a0000000,0x00000000a215bb50,0x00000000abc00000)
 Metaspace       used 57105K, capacity 58930K, committed 59028K, reserved 1099776K
  class space    used 7741K, capacity 8174K, committed 8192K, reserved 1048576K
}
Event: 14.347 GC heap before
{Heap before GC invocations=13 (full 3):
 PSYoungGen      total 292352K, used 270848K [0x00000000e0000000, 0x00000000f9980000, 0x0000000100000000)
  eden space 270848K, 100% used [0x00000000e0000000,0x00000000f0880000,0x00000000f0880000)
  from space 21504K, 0% used [0x00000000f0880000,0x00000000f0880000,0x00000000f1d80000)
  to   space 23552K, 0% used [0x00000000f8280000,0x00000000f8280000,0x00000000f9980000)
 ParOldGen       total 192512K, used 34158K [0x00000000a0000000, 0x00000000abc00000, 0x00000000e0000000)
  object space 192512K, 17% used [0x00000000a0000000,0x00000000a215bb50,0x00000000abc00000)
 Metaspace       used 65055K, capacity 67246K, committed 67416K, reserved 1107968K
  class space    used 8544K, capacity 9024K, committed 9088K, reserved 1048576K
Event: 14.366 GC heap after
Heap after GC invocations=13 (full 3):
 PSYoungGen      total 371712K, used 22061K [0x00000000e0000000, 0x00000000f9880000, 0x0000000100000000)
  eden space 349184K, 0% used [0x00000000e0000000,0x00000000e0000000,0x00000000f5500000)
  from space 22528K, 97% used [0x00000000f8280000,0x00000000f980b410,0x00000000f9880000)
  to   space 26112K, 0% used [0x00000000f6580000,0x00000000f6580000,0x00000000f7f00000)
 ParOldGen       total 192512K, used 34174K [0x00000000a0000000, 0x00000000abc00000, 0x00000000e0000000)
  object space 192512K, 17% used [0x00000000a0000000,0x00000000a215fb50,0x00000000abc00000)
 Metaspace       used 65055K, capacity 67246K, committed 67416K, reserved 1107968K
  class space    used 8544K, capacity 9024K, committed 9088K, reserved 1048576K
}
Event: 16.165 GC heap before
{Heap before GC invocations=14 (full 3):
 PSYoungGen      total 371712K, used 371245K [0x00000000e0000000, 0x00000000f9880000, 0x0000000100000000)
  eden space 349184K, 100% used [0x00000000e0000000,0x00000000f5500000,0x00000000f5500000)
  from space 22528K, 97% used [0x00000000f8280000,0x00000000f980b410,0x00000000f9880000)
  to   space 26112K, 0% used [0x00000000f6580000,0x00000000f6580000,0x00000000f7f00000)
 ParOldGen       total 192512K, used 34174K [0x00000000a0000000, 0x00000000abc00000, 0x00000000e0000000)
  object space 192512K, 17% used [0x00000000a0000000,0x00000000a215fb50,0x00000000abc00000)
 Metaspace       used 65957K, capacity 68128K, committed 68312K, reserved 1107968K
  class space    used 8637K, capacity 9123K, committed 9216K, reserved 1048576K
Event: 16.225 GC heap after
Heap after GC invocations=14 (full 3):
 PSYoungGen      total 392192K, used 26086K [0x00000000e0000000, 0x0000000100000000, 0x0000000100000000)
  eden space 366080K, 0% used [0x00000000e0000000,0x00000000e0000000,0x00000000f6580000)
  from space 26112K, 99% used [0x00000000f6580000,0x00000000f7ef9a40,0x00000000f7f00000)
  to   space 52736K, 0% used [0x00000000fcc80000,0x00000000fcc80000,0x0000000100000000)
 ParOldGen       total 192512K, used 96961K [0x00000000a0000000, 0x00000000abc00000, 0x00000000e0000000)
  object space 192512K, 50% used [0x00000000a0000000,0x00000000a5eb0630,0x00000000abc00000)
 Metaspace       used 65957K, capacity 68128K, committed 68312K, reserved 1107968K
  class space    used 8637K, capacity 9123K, committed 9216K, reserved 1048576K
}
Event: 19.854 GC heap before
{Heap before GC invocations=15 (full 3):
 PSYoungGen      total 392192K, used 392166K [0x00000000e0000000, 0x0000000100000000, 0x0000000100000000)
  eden space 366080K, 100% used [0x00000000e0000000,0x00000000f6580000,0x00000000f6580000)
  from space 26112K, 99% used [0x00000000f6580000,0x00000000f7ef9a40,0x00000000f7f00000)
  to   space 52736K, 0% used [0x00000000fcc80000,0x00000000fcc80000,0x0000000100000000)
 ParOldGen       total 192512K, used 96961K [0x00000000a0000000, 0x00000000abc00000, 0x00000000e0000000)
  object space 192512K, 50% used [0x00000000a0000000,0x00000000a5eb0630,0x00000000abc00000)
 Metaspace       used 67245K, capacity 69556K, committed 69720K, reserved 1110016K
  class space    used 8794K, capacity 9303K, committed 9344K, reserved 1048576K
Event: 19.880 GC heap after
Heap after GC invocations=15 (full 3):
 PSYoungGen      total 472576K, used 6772K [0x00000000e0000000, 0x0000000100000000, 0x0000000100000000)
  eden space 419840K, 0% used [0x00000000e0000000,0x00000000e0000000,0x00000000f9a00000)
  from space 52736K, 12% used [0x00000000fcc80000,0x00000000fd31d158,0x0000000100000000)
  to   space 51712K, 0% used [0x00000000f9a00000,0x00000000f9a00000,0x00000000fcc80000)
 ParOldGen       total 192512K, used 139289K [0x00000000a0000000, 0x00000000abc00000, 0x00000000e0000000)
  object space 192512K, 72% used [0x00000000a0000000,0x00000000a8806490,0x00000000abc00000)
 Metaspace       used 67245K, capacity 69556K, committed 69720K, reserved 1110016K
  class space    used 8794K, capacity 9303K, committed 9344K, reserved 1048576K
}
Event: 21.421 GC heap before
{Heap before GC invocations=16 (full 3):
 PSYoungGen      total 472576K, used 425774K [0x00000000e0000000, 0x0000000100000000, 0x0000000100000000)
  eden space 419840K, 99% used [0x00000000e0000000,0x00000000f992eaa0,0x00000000f9a00000)
  from space 52736K, 12% used [0x00000000fcc80000,0x00000000fd31d158,0x0000000100000000)
  to   space 51712K, 0% used [0x00000000f9a00000,0x00000000f9a00000,0x00000000fcc80000)
 ParOldGen       total 192512K, used 139289K [0x00000000a0000000, 0x00000000abc00000, 0x00000000e0000000)
  object space 192512K, 72% used [0x00000000a0000000,0x00000000a8806490,0x00000000abc00000)
 Metaspace       used 67517K, capacity 69898K, committed 69976K, reserved 1110016K
  class space    used 8815K, capacity 9322K, committed 9344K, reserved 1048576K
Event: 21.424 GC heap after
Heap after GC invocations=16 (full 3):
 PSYoungGen      total 471552K, used 2788K [0x00000000e0000000, 0x00000000fff00000, 0x0000000100000000)
  eden space 419840K, 0% used [0x00000000e0000000,0x00000000e0000000,0x00000000f9a00000)
  from space 51712K, 5% used [0x00000000f9a00000,0x00000000f9cb9108,0x00000000fcc80000)
  to   space 51712K, 0% used [0x00000000fcc80000,0x00000000fcc80000,0x00000000fff00000)
 ParOldGen       total 192512K, used 139297K [0x00000000a0000000, 0x00000000abc00000, 0x00000000e0000000)
  object space 192512K, 72% used [0x00000000a0000000,0x00000000a8808490,0x00000000abc00000)
 Metaspace       used 67517K, capacity 69898K, committed 69976K, reserved 1110016K
  class space    used 8815K, capacity 9322K, committed 9344K, reserved 1048576K
}

